<?xml version="1.0" encoding="UTF-8"?>
<testsuite xmlns:xsi="http://www.w3.org/2001/XMLSchema-instance" xsi:noNamespaceSchemaLocation="https://maven.apache.org/surefire/maven-surefire-plugin/xsd/surefire-test-report-3.0.xsd" version="3.0" name="com.gateway.GatewayApplicationTests" time="15.269" tests="1" errors="0" skipped="0" failures="0">
  <properties>
[...]
</properties>
  <testcase name="contextLoads" classname="com.gateway.GatewayApplicationTests" time="2.109">
    <system-out><![CDATA[11:11:33.228 [main] INFO org.springframework.test.context.support.AnnotationConfigContextLoaderUtils -- Could not detect default configuration classes for test class [com.gateway.GatewayApplicationTests]: GatewayApplicationTests does not declare any static, non-private, non-final, nested classes annotated with @Configuration.
11:11:33.627 [main] INFO org.springframework.boot.test.context.SpringBootTestContextBootstrapper -- Found @SpringBootConfiguration com.gateway.GatewayApplication for test class com.gateway.GatewayApplicationTests
  .   ____          _            __ _ _
 /\\ / ___'_ __ _ _(_)_ __  __ _ \ \ \ \
( ( )\___ | '_ | '_| | '_ \/ _` | \ \ \ \
 \\/  ___)| |_)| | | | | || (_| |  ) ) ) )
  '  |____| .__|_| |_|_| |_\__, | / / / /
 =========|_|==============|___/=/_/_/_/

 :: Spring Boot ::                (v3.3.0)

2024-06-14T11:11:36.433+08:00  INFO 202907 --- [gateway] [           main] com.gateway.GatewayApplicationTests      : Starting GatewayApplicationTests using Java 21.0.3 with PID 202907 (started by u in /mnt/c/Users/ACOM-YU-YUAN/Documents/development/JAVA/project/gateway)
2024-06-14T11:11:36.436+08:00  INFO 202907 --- [gateway] [           main] com.gateway.GatewayApplicationTests      : No active profile set, falling back to 1 default profile: "default"
2024-06-14T11:11:40.496+08:00  INFO 202907 --- [gateway] [           main] o.s.cloud.context.scope.GenericScope     : BeanFactory id=482e041b-a752-3cd9-8bec-829743abf2e8
2024-06-14T11:11:42.935+08:00  INFO 202907 --- [gateway] [           main] o.s.cloud.commons.util.InetUtils         : Cannot determine local hostname
2024-06-14T11:11:44.039+08:00  INFO 202907 --- [gateway] [           main] o.s.c.g.r.RouteDefinitionRouteLocator    : Loaded RoutePredicateFactory [After]
2024-06-14T11:11:44.039+08:00  INFO 202907 --- [gateway] [           main] o.s.c.g.r.RouteDefinitionRouteLocator    : Loaded RoutePredicateFactory [Before]
2024-06-14T11:11:44.039+08:00  INFO 202907 --- [gateway] [           main] o.s.c.g.r.RouteDefinitionRouteLocator    : Loaded RoutePredicateFactory [Between]
2024-06-14T11:11:44.039+08:00  INFO 202907 --- [gateway] [           main] o.s.c.g.r.RouteDefinitionRouteLocator    : Loaded RoutePredicateFactory [Cookie]
2024-06-14T11:11:44.039+08:00  INFO 202907 --- [gateway] [           main] o.s.c.g.r.RouteDefinitionRouteLocator    : Loaded RoutePredicateFactory [Header]
2024-06-14T11:11:44.039+08:00  INFO 202907 --- [gateway] [           main] o.s.c.g.r.RouteDefinitionRouteLocator    : Loaded RoutePredicateFactory [Host]
2024-06-14T11:11:44.039+08:00  INFO 202907 --- [gateway] [           main] o.s.c.g.r.RouteDefinitionRouteLocator    : Loaded RoutePredicateFactory [Method]
2024-06-14T11:11:44.039+08:00  INFO 202907 --- [gateway] [           main] o.s.c.g.r.RouteDefinitionRouteLocator    : Loaded RoutePredicateFactory [Path]
2024-06-14T11:11:44.039+08:00  INFO 202907 --- [gateway] [           main] o.s.c.g.r.RouteDefinitionRouteLocator    : Loaded RoutePredicateFactory [Query]
2024-06-14T11:11:44.039+08:00  INFO 202907 --- [gateway] [           main] o.s.c.g.r.RouteDefinitionRouteLocator    : Loaded RoutePredicateFactory [ReadBody]
2024-06-14T11:11:44.039+08:00  INFO 202907 --- [gateway] [           main] o.s.c.g.r.RouteDefinitionRouteLocator    : Loaded RoutePredicateFactory [RemoteAddr]
2024-06-14T11:11:44.039+08:00  INFO 202907 --- [gateway] [           main] o.s.c.g.r.RouteDefinitionRouteLocator    : Loaded RoutePredicateFactory [XForwardedRemoteAddr]
2024-06-14T11:11:44.040+08:00  INFO 202907 --- [gateway] [           main] o.s.c.g.r.RouteDefinitionRouteLocator    : Loaded RoutePredicateFactory [Weight]
2024-06-14T11:11:44.040+08:00  INFO 202907 --- [gateway] [           main] o.s.c.g.r.RouteDefinitionRouteLocator    : Loaded RoutePredicateFactory [CloudFoundryRouteService]
2024-06-14T11:11:45.584+08:00  INFO 202907 --- [gateway] [           main] o.s.cloud.commons.util.InetUtils         : Cannot determine local hostname
2024-06-14T11:11:45.699+08:00  INFO 202907 --- [gateway] [           main] com.gateway.GatewayApplicationTests      : Started GatewayApplicationTests in 11.403 seconds (process running for 14.545)
]]></system-out>
    <system-err><![CDATA[WARNING: A Java agent has been loaded dynamically (/mnt/c/Users/ACOM-YU-YUAN/.m2/repository/net/bytebuddy/byte-buddy-agent/1.14.16/byte-buddy-agent-1.14.16.jar)
WARNING: If a serviceability tool is in use, please run with -XX:+EnableDynamicAgentLoading to hide this warning
WARNING: If a serviceability tool is not in use, please run with -Djdk.instrument.traceUsage for more information
WARNING: Dynamic loading of agents will be disallowed by default in a future release
]]></system-err>
  </testcase>
</testsuite>